<?xml version="1.0" encoding="UTF-8"?>
<testng-results ignored="0" total="3" passed="3" failed="0" skipped="0">
  <reporter-output>
  </reporter-output>
  <suite started-at="2023-02-25T17:59:05 IST" name="Suite" finished-at="2023-02-25T18:00:08 IST" duration-ms="63335">
    <groups>
    </groups>
    <test started-at="2023-02-25T17:59:05 IST" name="Test" finished-at="2023-02-25T18:00:08 IST" duration-ms="63335">
      <class name="airlines_testScenario.getAirlineID">
        <test-method is-config="true" signature="setUp()[pri:0, instance:airlines_testScenario.getAirlineID@f78a47e]" started-at="2023-02-25T17:59:07 IST" name="setUp" finished-at="2023-02-25T17:59:07 IST" duration-ms="0" status="PASS">
          <reporter-output>
          </reporter-output>
        </test-method> <!-- setUp -->
        <test-method signature="getAirlineId(org.testng.ITestContext)[pri:0, instance:airlines_testScenario.getAirlineID@f78a47e]" started-at="2023-02-25T17:59:07 IST" name="getAirlineId" finished-at="2023-02-25T17:59:08 IST" duration-ms="827" status="PASS">
          <params>
            <param index="0">
              <value>
                <![CDATA[org.testng.TestRunner@6c6357f9]]>
              </value>
            </param>
          </params>
          <reporter-output>
          </reporter-output>
        </test-method> <!-- getAirlineId -->
      </class> <!-- airlines_testScenario.getAirlineID -->
      <class name="airlines_testScenario.getAllAirlines">
        <test-method signature="getAllAirlinesData()[pri:0, instance:airlines_testScenario.getAllAirlines@644baf4a]" started-at="2023-02-25T17:59:08 IST" name="getAllAirlinesData" finished-at="2023-02-25T18:00:08 IST" duration-ms="60931" status="PASS">
          <reporter-output>
          </reporter-output>
        </test-method> <!-- getAllAirlinesData -->
        <test-method is-config="true" signature="setUp()[pri:0, instance:airlines_testScenario.getAllAirlines@644baf4a]" started-at="2023-02-25T17:59:08 IST" name="setUp" finished-at="2023-02-25T17:59:08 IST" duration-ms="0" status="PASS">
          <reporter-output>
          </reporter-output>
        </test-method> <!-- setUp -->
      </class> <!-- airlines_testScenario.getAllAirlines -->
      <class name="airlines_testScenario.createAirline">
        <test-method is-config="true" signature="setUp()[pri:0, instance:airlines_testScenario.createAirline@3e27aa33]" started-at="2023-02-25T17:59:05 IST" name="setUp" finished-at="2023-02-25T17:59:05 IST" duration-ms="174" status="PASS">
          <reporter-output>
          </reporter-output>
        </test-method> <!-- setUp -->
        <test-method signature="createAirlineData(org.testng.ITestContext)[pri:0, instance:airlines_testScenario.createAirline@3e27aa33]" started-at="2023-02-25T17:59:05 IST" name="createAirlineData" finished-at="2023-02-25T17:59:07 IST" duration-ms="1383" status="PASS">
          <params>
            <param index="0">
              <value>
                <![CDATA[org.testng.TestRunner@6c6357f9]]>
              </value>
            </param>
          </params>
          <reporter-output>
          </reporter-output>
        </test-method> <!-- createAirlineData -->
      </class> <!-- airlines_testScenario.createAirline -->
    </test> <!-- Test -->
  </suite> <!-- Suite -->
</testng-results>
