<?xml version="1.0" encoding="UTF-8"?>
<!-- Generated by org.testng.reporters.JUnitXMLReporter -->
<testsuite ignored="0" hostname="ABINAYAs-MacBook-Pro.local" failures="0" tests="3" name="Test" time="63.335" errors="0" timestamp="2023-02-25T18:00:09 IST">
  <testcase classname="airlines_testScenario.createAirline" name="createAirlineData" time="1.383"/>
  <testcase classname="airlines_testScenario.getAirlineID" name="getAirlineId" time="0.827"/>
  <testcase classname="airlines_testScenario.getAllAirlines" name="getAllAirlinesData" time="60.931"/>
</testsuite> <!-- Test -->
